        -:    0:Source:/home/miguel/workspace/trade/akela/json-test/test.c
        -:    1:#include "zinc/unit_test.h"
        -:    2:#include "test_lex.h"
        -:    3:#include "test_dom.h"
        -:    4:#include "test_parse.h"
        -:    5:#include "test_stringify.h"
        -:    6:
        1:    7:int main()
        -:    8:{
        1:    9:    test_lex();
        1:   10:    test_dom();
        1:   11:    test_parse();
        1:   12:    test_stringify();
        1:   13:    print_results();
        1:   14:    return 0;
        -:   15:}
