        -:    0:Source:/home/miguel/workspace/trade/akela/json-test/test_parse_tools.c
        -:    1:#include "json/parse_tools.h"
        -:    2:#include <string.h>
        -:    3:#include "zinc/input_unicode_string.h"
        -:    4:
       18:    5:void test_parse_setup(Json_parse_data* pd, char* text)
        -:    6:{
       18:    7:    Vector* v = NULL;
       18:    8:    VectorCreate(&v, sizeof(char));
       18:    9:    VectorAdd(v, text, strlen(text));
        -:   10:
        -:   11:    InputUnicodeString* input;
       18:   12:    InputUnicodeStringCreate(&input, v);
        -:   13:
       18:   14:    struct error_list* el = NULL;
       18:   15:    error_list_create(&el);
        -:   16:
       18:   17:    Json_lex_data* ld = NULL;
       18:   18:    Json_lex_data_create(&ld, el, input, input->input_vtable);
        -:   19:
       18:   20:    Json_parse_data_init(pd, el, ld);
       18:   21:}
        -:   22:
       18:   23:void test_parse_destroy(Json_parse_data* pd)
        -:   24:{
       18:   25:    if (pd->lookahead) {
    #####:   26:        Json_token_destroy(pd->lookahead);
    #####:   27:        free(pd->lookahead);
        -:   28:    }
       18:   29:    Json_lex_data* ld = pd->ld;
       18:   30:    struct error_list* el = pd->el;
       18:   31:    InputUnicodeString* input = ld->input_obj;
       18:   32:    Vector* v = input->text;
       18:   33:    VectorDestroy(v);
       18:   34:    free(v);
       18:   35:    free(input);
       18:   36:    error_list_destroy(el);
       18:   37:    free(el);
       18:   38:    free(ld);
       18:   39:}
